#
# There is insufficient memory for the Java Runtime Environment to continue.
# Native memory allocation (malloc) failed to allocate 1048576 bytes for AllocateHeap
# Possible reasons:
#   The system is out of physical RAM or swap space
#   In 32 bit mode, the process size limit was hit
# Possible solutions:
#   Reduce memory load on the system
#   Increase physical memory or swap space
#   Check if swap backing store is full
#   Use 64 bit Java on a 64 bit OS
#   Decrease Java heap size (-Xmx/-Xms)
#   Decrease number of Java threads
#   Decrease Java thread stack sizes (-Xss)
#   Set larger code cache with -XX:ReservedCodeCacheSize=
# This output file may be truncated or incomplete.
#
#  Out of Memory Error (memory/allocation.inline.hpp:61), pid=1940, tid=0x000000000000051c
#
# JRE version:  (8.0_152-b02) (build )
# Java VM: OpenJDK 64-Bit Server VM (25.152-b02 mixed mode windows-amd64 compressed oops)
# Failed to write core dump. Minidumps are not enabled by default on client versions of Windows
#

---------------  T H R E A D  ---------------

Current thread (0x0000000005342800):  JavaThread "Unknown thread" [_thread_in_vm, id=1308, stack(0x0000000005240000,0x0000000005340000)]

Stack: [0x0000000005240000,0x0000000005340000]
[error occurred during error reporting (printing stack bounds), id 0xc0000005]

Native frames: (J=compiled Java code, j=interpreted, Vv=VM code, C=native code)


---------------  P R O C E S S  ---------------

Java Threads: ( => current thread )

Other Threads:

=>0x0000000005342800 (exited) JavaThread "Unknown thread" [_thread_in_vm, id=1308, stack(0x0000000005240000,0x0000000005340000)]

VM state:not at safepoint (normal execution)

VM Mutex/Monitor currently owned by a thread: None

Heap:
 PSYoungGen      total 18944K, used 327K [0x00000000eb180000, 0x00000000ec680000, 0x0000000100000000)
  eden space 16384K, 2% used [0x00000000eb180000,0x00000000eb1d1ec8,0x00000000ec180000)
  from space 2560K, 0% used [0x00000000ec400000,0x00000000ec400000,0x00000000ec680000)
  to   space 2560K, 0% used [0x00000000ec180000,0x00000000ec180000,0x00000000ec400000)
 ParOldGen       total 44032K, used 0K [0x00000000c1400000, 0x00000000c3f00000, 0x00000000eb180000)
  object space 44032K, 0% used [0x00000000c1400000,0x00000000c1400000,0x00000000c3f00000)
 Metaspace       used 772K, capacity 4480K, committed 4480K, reserved 1056768K
  class space    used 73K, capacity 384K, committed 384K, reserved 1048576K

Card table byte_map: [0x0000000014800000,0x0000000014a00000] byte_map_base: 0x00000000141f6000

Marking Bits: (ParMarkBitMap*) 0x0000000054054970
 Begin Bits: [0x0000000014f50000, 0x0000000015f00000)
 End Bits:   [0x0000000015f00000, 0x0000000016eb0000)

Polling page: 0x0000000003480000

CodeCache: size=245760Kb used=328Kb max_used=328Kb free=245431Kb
 bounds [0x0000000005440000, 0x00000000056b0000, 0x0000000014440000]
 total_blobs=57 nmethods=0 adapters=38
 compilation: enabled

Compilation events (0 events):
No events

GC Heap History (0 events):
No events

Deoptimization events (0 events):
No events

Classes redefined (0 events):
No events

Internal exceptions (0 events):
No events

Events (10 events):
Event: 0.031 loading class java/lang/Short
Event: 0.031 loading class java/lang/Short done
Event: 0.031 loading class java/lang/Integer
Event: 0.032 loading class java/lang/Integer done
Event: 0.032 loading class java/lang/Long
Event: 0.032 loading class java/lang/Long done
Event: 0.033 loading class java/lang/NullPointerException
Event: 0.033 loading class java/lang/NullPointerException done
Event: 0.033 loading class java/lang/ArithmeticException
Event: 0.033 loading class java/lang/ArithmeticException done


Dynamic libraries:
0x00007ff608d60000 - 0x00007ff608d91000 	C:\Program Files\Android\Android Studio\jre\bin\java.EXE
0x00007ff84f920000 - 0x00007ff84fb00000 	C:\WINDOWS\SYSTEM32\ntdll.dll
0x00007ff84cfb0000 - 0x00007ff84d05e000 	C:\WINDOWS\System32\KERNEL32.DLL
0x00007ff84bff0000 - 0x00007ff84c256000 	C:\WINDOWS\System32\KERNELBASE.dll
0x00007ff84ec80000 - 0x00007ff84ed21000 	C:\WINDOWS\System32\ADVAPI32.dll
0x00007ff84f590000 - 0x00007ff84f62d000 	C:\WINDOWS\System32\msvcrt.dll
0x00007ff84f660000 - 0x00007ff84f6bb000 	C:\WINDOWS\System32\sechost.dll
0x00007ff84ed30000 - 0x00007ff84ee4f000 	C:\WINDOWS\System32\RPCRT4.dll
0x00007ff84f230000 - 0x00007ff84f3bf000 	C:\WINDOWS\System32\USER32.dll
0x00007ff84bd80000 - 0x00007ff84bda0000 	C:\WINDOWS\System32\win32u.dll
0x00007ff84f630000 - 0x00007ff84f658000 	C:\WINDOWS\System32\GDI32.dll
0x00007ff84c9b0000 - 0x00007ff84cb43000 	C:\WINDOWS\System32\gdi32full.dll
0x00007ff84cd50000 - 0x00007ff84cdeb000 	C:\WINDOWS\System32\msvcp_win.dll
0x00007ff84cb50000 - 0x00007ff84cc46000 	C:\WINDOWS\System32\ucrtbase.dll
0x00007ff83dbe0000 - 0x00007ff83de49000 	C:\WINDOWS\WinSxS\amd64_microsoft.windows.common-controls_6595b64144ccf1df_6.0.16299.125_none_15cbcf8893620c09\COMCTL32.dll
0x00007ff84ef20000 - 0x00007ff84f228000 	C:\WINDOWS\System32\combase.dll
0x00007ff84bda0000 - 0x00007ff84be12000 	C:\WINDOWS\System32\bcryptPrimitives.dll
0x00007ff84f4f0000 - 0x00007ff84f51d000 	C:\WINDOWS\System32\IMM32.DLL
0x00000000540d0000 - 0x00000000541a2000 	C:\Program Files\Android\Android Studio\jre\jre\bin\msvcr100.dll
0x0000000053890000 - 0x00000000540cf000 	C:\Program Files\Android\Android Studio\jre\jre\bin\server\jvm.dll
0x00007ff84cf40000 - 0x00007ff84cf48000 	C:\WINDOWS\System32\PSAPI.DLL
0x00007ff8493f0000 - 0x00007ff849413000 	C:\WINDOWS\SYSTEM32\WINMM.dll
0x00007ff83de80000 - 0x00007ff83de8a000 	C:\WINDOWS\SYSTEM32\VERSION.dll
0x00007ff84a7b0000 - 0x00007ff84a7b9000 	C:\WINDOWS\SYSTEM32\WSOCK32.dll
0x00007ff84f520000 - 0x00007ff84f58c000 	C:\WINDOWS\System32\WS2_32.dll
0x00007ff8490f0000 - 0x00007ff84911a000 	C:\WINDOWS\SYSTEM32\winmmbase.dll
0x00007ff84cd00000 - 0x00007ff84cd4a000 	C:\WINDOWS\System32\cfgmgr32.dll
0x00007ff847060000 - 0x00007ff84706f000 	C:\Program Files\Android\Android Studio\jre\jre\bin\verify.dll
0x00007ff8245e0000 - 0x00007ff824609000 	C:\Program Files\Android\Android Studio\jre\jre\bin\java.dll
0x00007ff82ce40000 - 0x00007ff82ce56000 	C:\Program Files\Android\Android Studio\jre\jre\bin\zip.dll

VM Arguments:
java_command: <unknown>
java_class_path (initial): .
Launcher Type: SUN_STANDARD

Environment Variables:
PATH=C:\Program Files (x86)\Common Files\Oracle\Java\javapath;C:\Program Files\Docker\Docker\Resources\bin;C:\Program Files (x86)\NVIDIA Corporation\PhysX\Common;C:\Program Files (x86)\Intel\iCLS Client\;C:\Program Files\Intel\iCLS Client\;C:\WINDOWS\system32;C:\WINDOWS;C:\WINDOWS\System32\Wbem;C:\WINDOWS\System32\WindowsPowerShell\v1.0\;C:\Program Files (x86)\Intel\Intel(R) Management Engine Components\DAL;C:\Program Files\Intel\Intel(R) Management Engine Components\DAL;C:\Program Files (x86)\Intel\Intel(R) Management Engine Components\IPT;C:\Program Files\Intel\Intel(R) Management Engine Components\IPT;C:\composer;C:\Users\hj\AppData\Local\Git\bin;C:\Program Files (x86)\MySQL\MySQL Fabric 1.5 
USERNAME=Jay
OS=Windows_NT
PROCESSOR_IDENTIFIER=Intel64 Family 6 Model 61 Stepping 4, GenuineIntel



---------------  S Y S T E M  ---------------

OS: Windows 10.0 , 64 bit Build 16299 (10.0.16299.15)

CPU:total 4 (initial active 4) (2 cores per cpu, 2 threads per core) family 6 model 61 stepping 4, cmov, cx8, fxsr, mmx, sse, sse2, sse3, ssse3, sse4.1, sse4.2, popcnt, avx, avx2, aes, clmul, erms, 3dnowpref, lzcnt, ht, tsc, tscinvbit, bmi1, bmi2, adx

Memory: 4k page, physical 4110564k(228504k free), swap 11807712k(5564k free)

vm_info: OpenJDK 64-Bit Server VM (25.152-b02) for windows-amd64 JRE (1.8.0_152-release-1024-b02), built by "builder" with MS VC++ 10.0 (VS2010)

time: Wed May 30 22:02:47 2018
elapsed time: 0 seconds (0d 0h 0m 0s)

